Godot Engine v3.4.4.stable.mono.official.419e713a2 - https://godotengine.org
OpenGL ES 3.0 Renderer: GeForce 210/PCIe/SSE2
OpenGL ES Batching: ON
 
Mono: Log file is: 'C:/Users/Fossa2016/AppData/Roaming/Godot/mono/mono_logs/2022-05-11_16.39.51_5656.log'
ERROR: (Node not found: "../../Heroe" (relative to "/root/Node2D/Joystick/TouchScreenButton/KinematicBody2D").)
   at: get_node (scene/main/node.cpp:1325) - Condition "!node" is true. Returned: nullptr
ERROR: (Node not found: "../../StaticBody2D2/CollisionShape2D" (relative to "/root/Node2D/Joystick/TouchScreenButton").)
   at: get_node (scene/main/node.cpp:1325) - Condition "!node" is true. Returned: nullptr
ERROR: (Node not found: "../../Area2D/CollisionShape2D" (relative to "/root/Node2D/Joystick/TouchScreenButton").)
   at: get_node (scene/main/node.cpp:1325) - Condition "!node" is true. Returned: nullptr
ERROR: (Node not found: "../../../Button_First" (relative to "/root/Node2D/Heroe/Weapon").)
   at: get_node (scene/main/node.cpp:1325) - Condition "!node" is true. Returned: nullptr
ERROR: (Node not found: "Weapon/value_of_HP/Arrow_Amount" (relative to "/root/Node2D/Heroe").)
   at: get_node (scene/main/node.cpp:1325) - Condition "!node" is true. Returned: nullptr
ERROR: Signal 'timeout' is already connected to given method '_on_Timer_timeout' in that object.
   at: connect (core/object.cpp:1474) - Method failed. Returning: ERR_INVALID_PARAMETER
ERROR: Error calling method from signal 'body_entered': 'KinematicBody2D(joystick_body.gd)::_on_Jump2_body_entered': Method not found..
   at: emit_signal (core/object.cpp:1236) - Error calling method from signal 'body_entered': 'KinematicBody2D(joystick_body.gd)::_on_Jump2_body_entered': Method not found..
ERROR: Error calling method from signal 'body_entered': 'KinematicBody2D(joystick_body.gd)::_on_Jump2_body_entered': Method not found..
   at: emit_signal (core/object.cpp:1236) - Error calling method from signal 'body_entered': 'KinematicBody2D(joystick_body.gd)::_on_Jump2_body_entered': Method not found..
ERROR: Error calling method from signal 'body_entered': 'KinematicBody2D(joystick_body.gd)::_on_Jump2_body_entered': Method not found..
   at: emit_signal (core/object.cpp:1236) - Error calling method from signal 'body_entered': 'KinematicBody2D(joystick_body.gd)::_on_Jump2_body_entered': Method not found..
ERROR: Error calling method from signal 'body_entered': 'KinematicBody2D(joystick_body.gd)::_on_Jump2_body_entered': Method not found..
   at: emit_signal (core/object.cpp:1236) - Error calling method from signal 'body_entered': 'KinematicBody2D(joystick_body.gd)::_on_Jump2_body_entered': Method not found..
ERROR: Error calling method from signal 'body_entered': 'KinematicBody2D(joystick_body.gd)::_on_Jump2_body_entered': Method not found..
   at: emit_signal (core/object.cpp:1236) - Error calling method from signal 'body_entered': 'KinematicBody2D(joystick_body.gd)::_on_Jump2_body_entered': Method not found..
ERROR: Error calling method from signal 'body_entered': 'KinematicBody2D(joystick_body.gd)::_on_Jump2_body_entered': Method not found..
   at: emit_signal (core/object.cpp:1236) - Error calling method from signal 'body_entered': 'KinematicBody2D(joystick_body.gd)::_on_Jump2_body_entered': Method not found..
ERROR: Error calling method from signal 'body_entered': 'KinematicBody2D(joystick_body.gd)::_on_Jump2_body_entered': Method not found..
   at: emit_signal (core/object.cpp:1236) - Error calling method from signal 'body_entered': 'KinematicBody2D(joystick_body.gd)::_on_Jump2_body_entered': Method not found..
ERROR: Condition "_first != nullptr" is true.
   at: ~List (./core/self_list.h:108) - Condition "_first != nullptr" is true.
ERROR: Condition "_first != nullptr" is true.
   at: ~List (./core/self_list.h:108) - Condition "_first != nullptr" is true.
